<?xml version="1.0" encoding="UTF-8"?>
<!-- Generated by org.testng.reporters.JUnitXMLReporter -->
<testsuite ignored="1" hostname="LAPTOP-2M5E1F8H" failures="0" tests="1" name="Test" time="97.412" errors="0" timestamp="2022-08-08T11:50:16 IST">
  <testcase classname="com.pritamecom.testcases.TC_MyAccountPg" name="verifyLogin" time="35.87"/>
  <testcase classname="com.pritamecom.testcases.TC_MyAccountPg" name="verifyRegistrationAndLogin" time="0.0">
    <ignored/>
  </testcase> <!-- verifyRegistrationAndLogin -->
</testsuite> <!-- Test -->
