<?xml version="1.0" encoding="UTF-8"?>
<testng-results ignored="1" total="2" passed="1" failed="0" skipped="0">
  <reporter-output>
  </reporter-output>
  <suite started-at="2022-08-08T11:48:37 IST" name="Suite" finished-at="2022-08-08T11:50:14 IST" duration-ms="97412">
    <groups>
    </groups>
    <test started-at="2022-08-08T11:48:37 IST" name="Test" finished-at="2022-08-08T11:50:14 IST" duration-ms="97412">
      <class name="com.pritamecom.testcases.TC_MyAccountPg">
        <test-method is-config="true" signature="setup()[pri:0, instance:com.pritamecom.testcases.TC_MyAccountPg@38cee291]" started-at="2022-08-08T11:48:38 IST" name="setup" finished-at="2022-08-08T11:49:32 IST" duration-ms="54099" status="PASS">
          <reporter-output>
          </reporter-output>
        </test-method> <!-- setup -->
        <test-method signature="verifyLogin()[pri:0, instance:com.pritamecom.testcases.TC_MyAccountPg@38cee291]" started-at="2022-08-08T11:49:32 IST" name="verifyLogin" finished-at="2022-08-08T11:50:08 IST" duration-ms="35870" status="PASS">
          <reporter-output>
          </reporter-output>
        </test-method> <!-- verifyLogin -->
        <test-method is-config="true" signature="tearDown()[pri:0, instance:com.pritamecom.testcases.TC_MyAccountPg@38cee291]" started-at="2022-08-08T11:50:08 IST" name="tearDown" finished-at="2022-08-08T11:50:14 IST" duration-ms="6681" status="PASS">
          <reporter-output>
          </reporter-output>
        </test-method> <!-- tearDown -->
      </class> <!-- com.pritamecom.testcases.TC_MyAccountPg -->
    </test> <!-- Test -->
  </suite> <!-- Suite -->
</testng-results>
